<?xml version="1.0" encoding="UTF-8"?>
<!-- Generated by org.testng.reporters.JUnitReportReporter -->
<testsuite skipped="0" hostname="DESKTOP-65RRAID" name="test.AddCustomer" tests="1" failures="0" timestamp="2021-03-18T08:40:45 EDT" time="13.161" errors="0">
  <testcase name="usershouldbeabletocreatecustomer" time="13.161" classname="test.AddCustomer"/>
  <system-out/>
</testsuite> <!-- test.AddCustomer -->
