<?xml version="1.0" encoding="UTF-8"?>
<!-- Generated by org.testng.reporters.JUnitReportReporter -->
<testsuite skipped="0" hostname="DESKTOP-65RRAID" name="test.AddCustomerTest" tests="1" failures="0" timestamp="2021-03-25T12:12:54 EDT" time="15.012" errors="0">
  <testcase name="usershouldbeabletocreatecustomer" time="15.012" classname="test.AddCustomerTest"/>
  <system-out/>
</testsuite> <!-- test.AddCustomerTest -->
